<?xml version="1.0" encoding="UTF-8"?>
<!-- Generated by org.testng.reporters.JUnitReportReporter -->
<testsuite hostname="DESKTOP-1FO3P8F" failures="0" tests="1" name="com.ExyDoc.TestClasses.TC001_VerifyLoginFunctionality" time="0.212" errors="0" timestamp="2024-05-08T10:54:09 IST" skipped="0">
  <testcase classname="com.ExyDoc.TestClasses.TC001_VerifyLoginFunctionality" name="verify_Login_Functionality" time="0.212"/>
  <system-out/>
</testsuite> <!-- com.ExyDoc.TestClasses.TC001_VerifyLoginFunctionality -->
