<?xml version="1.0" encoding="UTF-8"?>
<!-- Generated by org.testng.reporters.JUnitReportReporter -->
<testsuite hostname="DESKTOP-1FO3P8F" failures="0" tests="1" name="com.ExyDoc.TestClasses.TC003_Verify_Logout_Functionality" time="5.074" errors="0" timestamp="2024-04-29T12:12:16 IST" skipped="0">
  <testcase classname="com.ExyDoc.TestClasses.TC003_Verify_Logout_Functionality" name="verify_Logout_Functionality" time="5.074"/>
  <system-out/>
</testsuite> <!-- com.ExyDoc.TestClasses.TC003_Verify_Logout_Functionality -->
