<?xml version="1.0" encoding="UTF-8"?>
<!-- Generated by org.testng.reporters.JUnitReportReporter -->
<testsuite hostname="DESKTOP-1FO3P8F" failures="0" tests="1" name="com.ExyDoc.TestClasses.TC002_Verify_Add_Groups_Functionality" time="6.046" errors="0" timestamp="2024-04-29T12:12:16 IST" skipped="0">
  <testcase classname="com.ExyDoc.TestClasses.TC002_Verify_Add_Groups_Functionality" name="verify_Add_Groups_Informaton_Functionality" time="6.046"/>
  <system-out/>
</testsuite> <!-- com.ExyDoc.TestClasses.TC002_Verify_Add_Groups_Functionality -->
