<?xml version="1.0" encoding="UTF-8"?>
<!-- Generated by org.testng.reporters.JUnitReportReporter -->
<testsuite hostname="DESKTOP-1FO3P8F" failures="0" tests="1" name="com.ExyDoc.TestClasses.TC004_Verify_Add_Group_Address_Functionality" time="8.383" errors="0" timestamp="2024-04-29T12:12:16 IST" skipped="0">
  <testcase classname="com.ExyDoc.TestClasses.TC004_Verify_Add_Group_Address_Functionality" name="verify_Add_Group_Address_Functionality" time="8.383"/>
  <system-out/>
</testsuite> <!-- com.ExyDoc.TestClasses.TC004_Verify_Add_Group_Address_Functionality -->
